Performing C SOURCE FILE Test CMAKE_HAVE_LIBC_PTHREAD failed with the following output:
Change Dir: /home/angeleads/EPITECH/tek2/B-YEP-400-BAR-4-1-indiestudio-blanca.sibecas-hernandez/build/CMakeFiles/CMakeTmp

Run Build Command(s):/usr/bin/make -f Makefile cmTC_e9764/fast && /usr/bin/make  -f CMakeFiles/cmTC_e9764.dir/build.make CMakeFiles/cmTC_e9764.dir/build
make[1]: Entering directory '/home/angeleads/EPITECH/tek2/B-YEP-400-BAR-4-1-indiestudio-blanca.sibecas-hernandez/build/CMakeFiles/CMakeTmp'
Building C object CMakeFiles/cmTC_e9764.dir/src.c.o
/usr/bin/cc -DCMAKE_HAVE_LIBC_PTHREAD  -fno-strict-aliasing -Werror=implicit-function-declaration -Werror=pointer-arith   -o CMakeFiles/cmTC_e9764.dir/src.c.o -c /home/angeleads/EPITECH/tek2/B-YEP-400-BAR-4-1-indiestudio-blanca.sibecas-hernandez/build/CMakeFiles/CMakeTmp/src.c
Linking C executable cmTC_e9764
/usr/local/bin/cmake -E cmake_link_script CMakeFiles/cmTC_e9764.dir/link.txt --verbose=1
/usr/bin/cc -fno-strict-aliasing -Werror=implicit-function-declaration -Werror=pointer-arith   -rdynamic CMakeFiles/cmTC_e9764.dir/src.c.o -o cmTC_e9764 
/usr/bin/ld: CMakeFiles/cmTC_e9764.dir/src.c.o: in function `main':
src.c:(.text+0x46): undefined reference to `pthread_create'
/usr/bin/ld: src.c:(.text+0x52): undefined reference to `pthread_detach'
/usr/bin/ld: src.c:(.text+0x5e): undefined reference to `pthread_cancel'
/usr/bin/ld: src.c:(.text+0x6f): undefined reference to `pthread_join'
collect2: error: ld returned 1 exit status
make[1]: *** [CMakeFiles/cmTC_e9764.dir/build.make:99: cmTC_e9764] Error 1
make[1]: Leaving directory '/home/angeleads/EPITECH/tek2/B-YEP-400-BAR-4-1-indiestudio-blanca.sibecas-hernandez/build/CMakeFiles/CMakeTmp'
make: *** [Makefile:127: cmTC_e9764/fast] Error 2


Source file was:
#include <pthread.h>

static void* test_func(void* data)
{
  return data;
}

int main(void)
{
  pthread_t thread;
  pthread_create(&thread, NULL, test_func, NULL);
  pthread_detach(thread);
  pthread_cancel(thread);
  pthread_join(thread, NULL);
  pthread_atfork(NULL, NULL, NULL);
  pthread_exit(NULL);

  return 0;
}

Determining if the function pthread_create exists in the pthreads failed with the following output:
Change Dir: /home/angeleads/EPITECH/tek2/B-YEP-400-BAR-4-1-indiestudio-blanca.sibecas-hernandez/build/CMakeFiles/CMakeTmp

Run Build Command(s):/usr/bin/make -f Makefile cmTC_78f84/fast && /usr/bin/make  -f CMakeFiles/cmTC_78f84.dir/build.make CMakeFiles/cmTC_78f84.dir/build
make[1]: Entering directory '/home/angeleads/EPITECH/tek2/B-YEP-400-BAR-4-1-indiestudio-blanca.sibecas-hernandez/build/CMakeFiles/CMakeTmp'
Building C object CMakeFiles/cmTC_78f84.dir/CheckFunctionExists.c.o
/usr/bin/cc   -fno-strict-aliasing -Werror=implicit-function-declaration -Werror=pointer-arith  -DCHECK_FUNCTION_EXISTS=pthread_create -std=gnu99 -o CMakeFiles/cmTC_78f84.dir/CheckFunctionExists.c.o -c /usr/local/share/cmake-3.20/Modules/CheckFunctionExists.c
Linking C executable cmTC_78f84
/usr/local/bin/cmake -E cmake_link_script CMakeFiles/cmTC_78f84.dir/link.txt --verbose=1
/usr/bin/cc -fno-strict-aliasing -Werror=implicit-function-declaration -Werror=pointer-arith  -DCHECK_FUNCTION_EXISTS=pthread_create CMakeFiles/cmTC_78f84.dir/CheckFunctionExists.c.o -o cmTC_78f84  -lpthreads 
/usr/bin/ld: cannot find -lpthreads
collect2: error: ld returned 1 exit status
make[1]: *** [CMakeFiles/cmTC_78f84.dir/build.make:99: cmTC_78f84] Error 1
make[1]: Leaving directory '/home/angeleads/EPITECH/tek2/B-YEP-400-BAR-4-1-indiestudio-blanca.sibecas-hernandez/build/CMakeFiles/CMakeTmp'
make: *** [Makefile:127: cmTC_78f84/fast] Error 2



